<?xml version="1.0" encoding="utf-8"?><testsuites><testsuite name="pytest" errors="0" failures="0" skipped="0" tests="29" time="3.237" timestamp="2026-08-20T00:06:26.790004" hostname="autodl-pro-78617928975f"><testcase classname="tests.test_night7c_conflict" name="test_tied_average_percentile_and_singleton" time="0.001" /><testcase classname="tests.test_night7c_conflict" name="test_conflict_quality_and_shared_support_are_bounded" time="0.009" /><testcase classname="tests.test_night7c_conflict" name="test_router_hand_calculations" time="0.002" /><testcase classname="tests.test_night7c_conflict" name="test_sparse_mix_and_zero_degree_fail_closed" time="0.005" /><testcase classname="tests.test_night7c_conflict" name="test_weight_formulas_normalization_and_all_zero_guard" time="0.003" /><testcase classname="tests.test_night7c_conflict" name="test_weighted_triplet_and_identity_guard" time="0.125" /><testcase classname="tests.test_night7c_firewall" name="test_prelock_allowlist_and_h5ad_fail_closed" time="0.005" /><testcase classname="tests.test_night7c_firewall" name="test_low_level_obs_and_early_evaluator_fail_closed" time="0.002" /><testcase classname="tests.test_night7c_firewall" name="test_single_window_and_no_return_to_transform" time="0.002" /><testcase classname="tests.test_night7c_replay_recovery_firewall" name="test_router_identity_and_metric_keys_are_rejected[dataset]" time="0.001" /><testcase classname="tests.test_night7c_replay_recovery_firewall" name="test_router_identity_and_metric_keys_are_rejected[tissue]" time="0.001" /><testcase classname="tests.test_night7c_replay_recovery_firewall" name="test_router_identity_and_metric_keys_are_rejected[organism]" time="0.000" /><testcase classname="tests.test_night7c_replay_recovery_firewall" name="test_router_identity_and_metric_keys_are_rejected[platform]" time="0.000" /><testcase classname="tests.test_night7c_replay_recovery_firewall" name="test_router_identity_and_metric_keys_are_rejected[modality]" time="0.000" /><testcase classname="tests.test_night7c_replay_recovery_firewall" name="test_router_identity_and_metric_keys_are_rejected[filename]" time="0.000" /><testcase classname="tests.test_night7c_replay_recovery_firewall" name="test_router_identity_and_metric_keys_are_rejected[ari]" time="0.000" /><testcase classname="tests.test_night7c_replay_recovery_firewall" name="test_router_identity_and_metric_keys_are_rejected[nmi]" time="0.000" /><testcase classname="tests.test_night7c_replay_recovery_firewall" name="test_router_identity_and_metric_keys_are_rejected[q]" time="0.000" /><testcase classname="tests.test_night7c_replay_recovery_firewall" name="test_recovery_prelock_rejects_original_h5ad_obs_labels_and_metrics" time="0.001" /><testcase classname="tests.test_night7c_replay_recovery_firewall" name="test_recovery_has_single_label_window_and_no_return" time="0.001" /><testcase classname="tests.test_night7c_stagew_boundary_parallel" name="test_boundary_guard_stops_only_exact_bound_process" time="0.121" /><testcase classname="tests.test_night7c_stagew_boundary_parallel" name="test_parallel_scheduler_reuses_exact_transform_function" time="0.049" /><testcase classname="tests.test_night7c_stagew_resource_bounded" name="test_resource_bounded_worker_reuses_exact_transform_call" time="0.008" /><testcase classname="tests.test_night7c_stagew_resource_bounded" name="test_synthetic_timeout_kills_only_isolated_process_group" time="0.338" /><testcase classname="tests.test_night7c_stagew_immediate_triage" name="test_triage_is_label_free_and_never_calls_partition_or_eigensolver" time="0.131" /><testcase classname="tests.test_night7c_stagew_immediate_triage" name="test_bounded_continuation_contract_is_fixed" time="0.009" /><testcase classname="tests.test_night7c_stagew_immediate_triage" name="test_isolated_triage_driver_has_no_partition_call_and_fixed_bounds" time="0.017" /><testcase classname="tests.test_night7c_stagew_immediate_evaluation" name="test_total_lock_includes_triage_and_resource_outcomes" time="0.001" /><testcase classname="tests.test_night7c_stagew_immediate_evaluation" name="test_evaluator_opens_labels_only_after_total_lock_and_excludes_w00_metrics" time="0.001" /></testsuite></testsuites>